0 info it worked if it ends with ok
1 verbose cli [ '/usr/local/bin/node',
1 verbose cli   '/usr/local/bin/npm',
1 verbose cli   'i',
1 verbose cli   'Node_MPR121',
1 verbose cli   '--save' ]
2 info using npm@2.11.2
3 info using node@v0.12.6
4 verbose install initial load of /home/pi/gif-to-led/package.json
5 warn package.json rgb-pi-api@1.0.0 No repository field.
6 verbose installManyTop reading scoped package data from /home/pi/gif-to-led/node_modules/Node_MPR121/package.json
7 verbose installManyTop reading scoped package data from /home/pi/gif-to-led/node_modules/axios/package.json
8 verbose installManyTop reading scoped package data from /home/pi/gif-to-led/node_modules/babel-core/package.json
9 verbose installManyTop reading scoped package data from /home/pi/gif-to-led/node_modules/babel-loader/package.json
10 verbose installManyTop reading scoped package data from /home/pi/gif-to-led/node_modules/canvas/package.json
11 verbose installManyTop reading scoped package data from /home/pi/gif-to-led/node_modules/css-loader/package.json
12 verbose installManyTop reading scoped package data from /home/pi/gif-to-led/node_modules/file-loader/package.json
13 verbose installManyTop reading scoped package data from /home/pi/gif-to-led/node_modules/firebase/package.json
14 verbose installManyTop reading scoped package data from /home/pi/gif-to-led/node_modules/get-pixels/package.json
15 verbose installManyTop reading scoped package data from /home/pi/gif-to-led/node_modules/gif-stream/package.json
16 verbose installManyTop reading scoped package data from /home/pi/gif-to-led/node_modules/gify-parse/package.json
17 verbose installManyTop reading scoped package data from /home/pi/gif-to-led/node_modules/httpdispatcher/package.json
18 verbose installManyTop reading scoped package data from /home/pi/gif-to-led/node_modules/jquery/package.json
19 verbose installManyTop reading scoped package data from /home/pi/gif-to-led/node_modules/json-loader/package.json
20 verbose installManyTop reading scoped package data from /home/pi/gif-to-led/node_modules/jsx-loader/package.json
21 verbose installManyTop reading scoped package data from /home/pi/gif-to-led/node_modules/lame/package.json
22 verbose installManyTop reading scoped package data from /home/pi/gif-to-led/node_modules/material-ui/package.json
23 verbose installManyTop reading scoped package data from /home/pi/gif-to-led/node_modules/node-libs-browser/package.json
24 verbose installManyTop reading scoped package data from /home/pi/gif-to-led/node_modules/node-rpi-rgb-led-matrix/package.json
25 verbose installManyTop reading scoped package data from /home/pi/gif-to-led/node_modules/react/package.json
26 verbose installManyTop reading scoped package data from /home/pi/gif-to-led/node_modules/react-responsive-mixin/package.json
27 verbose installManyTop reading scoped package data from /home/pi/gif-to-led/node_modules/react-router/package.json
28 verbose installManyTop reading scoped package data from /home/pi/gif-to-led/node_modules/react-tap-event-plugin/package.json
29 verbose installManyTop reading scoped package data from /home/pi/gif-to-led/node_modules/request/package.json
30 verbose installManyTop reading scoped package data from /home/pi/gif-to-led/node_modules/rpi-ws281x-canvas/package.json
31 verbose installManyTop reading scoped package data from /home/pi/gif-to-led/node_modules/rpi-ws281x-native/package.json
32 verbose installManyTop reading scoped package data from /home/pi/gif-to-led/node_modules/style-loader/package.json
33 verbose installManyTop reading scoped package data from /home/pi/gif-to-led/node_modules/stylus-loader/package.json
34 verbose installManyTop reading scoped package data from /home/pi/gif-to-led/node_modules/url-loader/package.json
35 verbose installManyTop reading scoped package data from /home/pi/gif-to-led/node_modules/webpack/package.json
36 verbose installManyTop reading scoped package data from /home/pi/gif-to-led/node_modules/webpack-dev-server/package.json
37 verbose installManyTop reading scoped package data from /home/pi/gif-to-led/node_modules/ws/package.json
38 info package.json babel-core@5.7.4 No README data
39 info package.json rpi-rgb-led-matrix@1.0.0 No repository field.
40 info package.json rpi-rgb-led-matrix@1.0.0 license should be a valid SPDX license expression
41 info package.json firebase@2.2.7 No license field.
42 info package.json gify-parse@1.0.5 No license field.
43 info package.json httpdispatcher@0.4.0 No license field.
44 info package.json jquery@2.1.4 No license field.
45 info package.json jsx-loader@0.13.2 license should be a valid SPDX license expression
46 info package.json lame@1.2.2 No license field.
47 info package.json react-tap-event-plugin@0.1.7 No license field.
48 verbose readDependencies loading dependencies from /home/pi/gif-to-led/package.json
49 silly cache add args [ 'Node_MPR121', null ]
50 verbose cache add spec Node_MPR121
51 silly cache add parsed spec { raw: 'Node_MPR121',
51 silly cache add   scope: null,
51 silly cache add   name: 'Node_MPR121',
51 silly cache add   rawSpec: '',
51 silly cache add   spec: '*',
51 silly cache add   type: 'range' }
52 silly addNamed Node_MPR121@*
53 verbose addNamed "*" is a valid semver range for Node_MPR121
54 silly addNameRange { name: 'Node_MPR121', range: '*', hasData: false }
55 silly mapToRegistry name Node_MPR121
56 silly mapToRegistry using default registry
57 silly mapToRegistry registry https://registry.npmjs.org/
58 silly mapToRegistry uri https://registry.npmjs.org/Node_MPR121
59 verbose addNameRange registry:https://registry.npmjs.org/Node_MPR121 not in flight; fetching
60 verbose request uri https://registry.npmjs.org/Node_MPR121
61 verbose request no auth needed
62 info attempt registry request try #1 at 19:43:50
63 verbose request id c8308dd45f38c692
64 http request GET https://registry.npmjs.org/Node_MPR121
65 http 404 https://registry.npmjs.org/Node_MPR121
66 verbose headers { server: 'CouchDB/1.5.0 (Erlang OTP/R16B03)',
66 verbose headers   'content-type': 'application/json',
66 verbose headers   'cache-control': 'max-age=0',
66 verbose headers   'content-length': '51',
66 verbose headers   'accept-ranges': 'bytes',
66 verbose headers   date: 'Tue, 21 Jul 2015 19:43:50 GMT',
66 verbose headers   via: '1.1 varnish',
66 verbose headers   age: '0',
66 verbose headers   connection: 'keep-alive',
66 verbose headers   'x-served-by': 'cache-atl6221-ATL',
66 verbose headers   'x-cache': 'MISS',
66 verbose headers   'x-cache-hits': '0',
66 verbose headers   'x-timer': 'S1437507830.577998,VS0,VE44' }
67 silly get cb [ 404,
67 silly get   { server: 'CouchDB/1.5.0 (Erlang OTP/R16B03)',
67 silly get     'content-type': 'application/json',
67 silly get     'cache-control': 'max-age=0',
67 silly get     'content-length': '51',
67 silly get     'accept-ranges': 'bytes',
67 silly get     date: 'Tue, 21 Jul 2015 19:43:50 GMT',
67 silly get     via: '1.1 varnish',
67 silly get     age: '0',
67 silly get     connection: 'keep-alive',
67 silly get     'x-served-by': 'cache-atl6221-ATL',
67 silly get     'x-cache': 'MISS',
67 silly get     'x-cache-hits': '0',
67 silly get     'x-timer': 'S1437507830.577998,VS0,VE44' } ]
68 verbose stack Error: 404 Not Found: Node_MPR121
68 verbose stack     at CachingRegistryClient.<anonymous> (/usr/local/lib/node_modules/npm/node_modules/npm-registry-client/lib/request.js:245:14)
68 verbose stack     at Request._callback (/usr/local/lib/node_modules/npm/node_modules/npm-registry-client/lib/request.js:170:14)
68 verbose stack     at Request.self.callback (/usr/local/lib/node_modules/npm/node_modules/request/request.js:354:22)
68 verbose stack     at Request.emit (events.js:110:17)
68 verbose stack     at Request.<anonymous> (/usr/local/lib/node_modules/npm/node_modules/request/request.js:1207:14)
68 verbose stack     at Request.emit (events.js:129:20)
68 verbose stack     at IncomingMessage.<anonymous> (/usr/local/lib/node_modules/npm/node_modules/request/request.js:1153:12)
68 verbose stack     at IncomingMessage.emit (events.js:129:20)
68 verbose stack     at _stream_readable.js:908:16
68 verbose stack     at process._tickCallback (node.js:355:11)
69 verbose statusCode 404
70 verbose pkgid Node_MPR121
71 verbose cwd /home/pi/gif-to-led
72 error Linux 3.18.11-v7+
73 error argv "/usr/local/bin/node" "/usr/local/bin/npm" "i" "Node_MPR121" "--save"
74 error node v0.12.6
75 error npm  v2.11.2
76 error code E404
77 error 404 Not Found: Node_MPR121
77 error 404
77 error 404 'Node_MPR121' is not in the npm registry.
77 error 404 Your package name is not valid, because
77 error 404
77 error 404  1. name can no longer contain capital letters
77 error 404 It was specified as a dependency of 'rgb-pi-api'
77 error 404
77 error 404 Note that you can also install from a
77 error 404 tarball, folder, http url, or git url.
78 verbose exit [ 1, true ]
